{"/Users/josepaniagua/Desktop/capitole-consulting/api/src/dependency.injection.ts": {"path":"/Users/josepaniagua/Desktop/capitole-consulting/api/src/dependency.injection.ts","statementMap":{"0":{"start":{"line":1,"column":0},"end":{"line":1,"column":26}},"1":{"start":{"line":3,"column":0},"end":{"line":3,"column":35}},"2":{"start":{"line":5,"column":0},"end":{"line":5,"column":77}},"3":{"start":{"line":6,"column":0},"end":{"line":6,"column":77}},"4":{"start":{"line":7,"column":0},"end":{"line":7,"column":96}},"5":{"start":{"line":8,"column":0},"end":{"line":8,"column":84}},"6":{"start":{"line":9,"column":0},"end":{"line":9,"column":51}},"7":{"start":{"line":10,"column":0},"end":{"line":10,"column":93}},"8":{"start":{"line":11,"column":0},"end":{"line":11,"column":81}},"9":{"start":{"line":13,"column":12},"end":{"line":13,"column":49}},"10":{"start":{"line":20,"column":31},"end":{"line":36,"column":null}},"11":{"start":{"line":38,"column":0},"end":{"line":38,"column":95}},"12":{"start":{"line":38,"column":30},"end":{"line":38,"column":93}},"13":{"start":{"line":40,"column":0},"end":{"line":40,"column":25}}},"fnMap":{"0":{"name":"(anonymous_1)","decl":{"start":{"line":38,"column":17},"end":{"line":38,"column":18}},"loc":{"start":{"line":38,"column":30},"end":{"line":38,"column":93}}}},"branchMap":{"0":{"loc":{"start":{"line":13,"column":12},"end":{"line":13,"column":49}},"type":"binary-expr","locations":[{"start":{"line":13,"column":12},"end":{"line":13,"column":32}},{"start":{"line":13,"column":36},"end":{"line":13,"column":49}}]}},"s":{"0":6,"1":6,"2":6,"3":6,"4":6,"5":6,"6":6,"7":6,"8":6,"9":6,"10":6,"11":6,"12":18,"13":6},"f":{"0":18},"b":{"0":[6,0]}}
,"/Users/josepaniagua/Desktop/capitole-consulting/api/src/domain/image/constants.ts": {"path":"/Users/josepaniagua/Desktop/capitole-consulting/api/src/domain/image/constants.ts","statementMap":{"0":{"start":{"line":1,"column":0},"end":{"line":1,"column":null}},"1":{"start":{"line":2,"column":2},"end":{"line":2,"column":null}},"2":{"start":{"line":3,"column":2},"end":{"line":3,"column":null}},"3":{"start":{"line":4,"column":2},"end":{"line":4,"column":null}}},"fnMap":{"0":{"name":"(anonymous_0)","decl":{"start":{"line":1,"column":0},"end":{"line":1,"column":12}},"loc":{"start":{"line":1,"column":24},"end":{"line":5,"column":1}}}},"branchMap":{"0":{"loc":{"start":{"line":1,"column":12},"end":{"line":1,"column":null}},"type":"binary-expr","locations":[{"start":{"line":1,"column":12},"end":{"line":1,"column":24}},{"start":{"line":1,"column":12},"end":{"line":1,"column":null}}]}},"s":{"0":6,"1":6,"2":6,"3":6},"f":{"0":6},"b":{"0":[6,6]}}
,"/Users/josepaniagua/Desktop/capitole-consulting/api/src/domain/image/utils.ts": {"path":"/Users/josepaniagua/Desktop/capitole-consulting/api/src/domain/image/utils.ts","statementMap":{"0":{"start":{"line":1,"column":0},"end":{"line":1,"column":50}},"1":{"start":{"line":3,"column":34},"end":{"line":10,"column":1}},"2":{"start":{"line":8,"column":31},"end":{"line":8,"column":60}},"3":{"start":{"line":9,"column":2},"end":{"line":9,"column":61}},"4":{"start":{"line":3,"column":13},"end":{"line":3,"column":34}}},"fnMap":{"0":{"name":"(anonymous_0)","decl":{"start":{"line":3,"column":34},"end":{"line":3,"column":null}},"loc":{"start":{"line":7,"column":12},"end":{"line":10,"column":1}}}},"branchMap":{"0":{"loc":{"start":{"line":6,"column":2},"end":{"line":6,"column":24}},"type":"default-arg","locations":[{"start":{"line":6,"column":14},"end":{"line":6,"column":24}}]}},"s":{"0":6,"1":6,"2":5,"3":5,"4":6},"f":{"0":5},"b":{"0":[5]}}
,"/Users/josepaniagua/Desktop/capitole-consulting/api/src/domain/image/application/AzureImageResizer.ts": {"path":"/Users/josepaniagua/Desktop/capitole-consulting/api/src/domain/image/application/AzureImageResizer.ts","statementMap":{"0":{"start":{"line":1,"column":0},"end":{"line":1,"column":45}},"1":{"start":{"line":2,"column":0},"end":{"line":2,"column":39}},"2":{"start":{"line":11,"column":4},"end":{"line":14,"column":7}},"3":{"start":{"line":22,"column":4},"end":{"line":33,"column":null}},"4":{"start":{"line":23,"column":25},"end":{"line":23,"column":45}},"5":{"start":{"line":24,"column":19},"end":{"line":24,"column":33}},"6":{"start":{"line":25,"column":6},"end":{"line":25,"column":54}},"7":{"start":{"line":26,"column":23},"end":{"line":26,"column":90}},"8":{"start":{"line":28,"column":6},"end":{"line":28,"column":44}},"9":{"start":{"line":30,"column":6},"end":{"line":30,"column":28}},"10":{"start":{"line":32,"column":6},"end":{"line":32,"column":16}},"11":{"start":{"line":37,"column":0},"end":{"line":37,"column":39}}},"fnMap":{"0":{"name":"(anonymous_8)","decl":{"start":{"line":10,"column":2},"end":{"line":10,"column":null}},"loc":{"start":{"line":10,"column":2},"end":{"line":15,"column":3}}},"1":{"name":"(anonymous_9)","decl":{"start":{"line":17,"column":8},"end":{"line":17,"column":14}},"loc":{"start":{"line":20,"column":21},"end":{"line":34,"column":null}}}},"branchMap":{},"s":{"0":6,"1":6,"2":6,"3":0,"4":0,"5":0,"6":0,"7":0,"8":0,"9":0,"10":0,"11":6},"f":{"0":6,"1":0},"b":{}}
,"/Users/josepaniagua/Desktop/capitole-consulting/api/src/domain/image/application/ImageCreator.ts": {"path":"/Users/josepaniagua/Desktop/capitole-consulting/api/src/domain/image/application/ImageCreator.ts","statementMap":{"0":{"start":{"line":1,"column":0},"end":{"line":1,"column":54}},"1":{"start":{"line":2,"column":0},"end":{"line":2,"column":63}},"2":{"start":{"line":3,"column":0},"end":{"line":3,"column":44}},"3":{"start":{"line":7,"column":0},"end":{"line":7,"column":58}},"4":{"start":{"line":14,"column":4},"end":{"line":14,"column":61}},"5":{"start":{"line":15,"column":4},"end":{"line":15,"column":55}},"6":{"start":{"line":19,"column":29},"end":{"line":28,"column":null}},"7":{"start":{"line":20,"column":6},"end":{"line":28,"column":8}},"8":{"start":{"line":30,"column":4},"end":{"line":30,"column":41}},"9":{"start":{"line":34,"column":4},"end":{"line":41,"column":6}},"10":{"start":{"line":35,"column":6},"end":{"line":39,"column":null}},"11":{"start":{"line":45,"column":27},"end":{"line":48,"column":6}},"12":{"start":{"line":46,"column":6},"end":{"line":46,"column":47}},"13":{"start":{"line":47,"column":6},"end":{"line":47,"column":30}},"14":{"start":{"line":49,"column":4},"end":{"line":49,"column":39}},"15":{"start":{"line":53,"column":4},"end":{"line":70,"column":null}},"16":{"start":{"line":54,"column":30},"end":{"line":54,"column":73}},"17":{"start":{"line":55,"column":6},"end":{"line":55,"column":72}},"18":{"start":{"line":57,"column":33},"end":{"line":58,"column":null}},"19":{"start":{"line":60,"column":6},"end":{"line":60,"column":76}},"20":{"start":{"line":62,"column":32},"end":{"line":63,"column":null}},"21":{"start":{"line":65,"column":6},"end":{"line":65,"column":42}},"22":{"start":{"line":66,"column":6},"end":{"line":66,"column":31}},"23":{"start":{"line":68,"column":6},"end":{"line":68,"column":75}},"24":{"start":{"line":69,"column":6},"end":{"line":69,"column":49}},"25":{"start":{"line":9,"column":0},"end":{"line":9,"column":21}}},"fnMap":{"0":{"name":"(anonymous_8)","decl":{"start":{"line":13,"column":2},"end":{"line":13,"column":null}},"loc":{"start":{"line":13,"column":2},"end":{"line":16,"column":3}}},"1":{"name":"(anonymous_9)","decl":{"start":{"line":18,"column":16},"end":{"line":18,"column":32}},"loc":{"start":{"line":18,"column":77},"end":{"line":31,"column":null}}},"2":{"name":"(anonymous_11)","decl":{"start":{"line":19,"column":47},"end":{"line":19,"column":48}},"loc":{"start":{"line":20,"column":6},"end":{"line":28,"column":8}}},"3":{"name":"(anonymous_12)","decl":{"start":{"line":33,"column":16},"end":{"line":33,"column":38}},"loc":{"start":{"line":33,"column":54},"end":{"line":42,"column":null}}},"4":{"name":"(anonymous_14)","decl":{"start":{"line":34,"column":26},"end":{"line":34,"column":27}},"loc":{"start":{"line":35,"column":6},"end":{"line":39,"column":null}}},"5":{"name":"(anonymous_15)","decl":{"start":{"line":44,"column":16},"end":{"line":44,"column":47}},"loc":{"start":{"line":44,"column":65},"end":{"line":50,"column":null}}},"6":{"name":"(anonymous_17)","decl":{"start":{"line":45,"column":42},"end":{"line":45,"column":43}},"loc":{"start":{"line":45,"column":56},"end":{"line":48,"column":5}}},"7":{"name":"(anonymous_18)","decl":{"start":{"line":52,"column":8},"end":{"line":52,"column":14}},"loc":{"start":{"line":52,"column":59},"end":{"line":71,"column":null}}}},"branchMap":{},"s":{"0":2,"1":2,"2":2,"3":2,"4":2,"5":2,"6":2,"7":4,"8":2,"9":2,"10":4,"11":2,"12":4,"13":4,"14":2,"15":2,"16":2,"17":2,"18":2,"19":2,"20":2,"21":2,"22":2,"23":0,"24":0,"25":2},"f":{"0":2,"1":2,"2":4,"3":2,"4":4,"5":2,"6":4,"7":2},"b":{}}
,"/Users/josepaniagua/Desktop/capitole-consulting/api/src/domain/image/application/ImageFinder.ts": {"path":"/Users/josepaniagua/Desktop/capitole-consulting/api/src/domain/image/application/ImageFinder.ts","statementMap":{"0":{"start":{"line":1,"column":0},"end":{"line":1,"column":54}},"1":{"start":{"line":2,"column":0},"end":{"line":2,"column":48}},"2":{"start":{"line":4,"column":0},"end":{"line":4,"column":58}},"3":{"start":{"line":9,"column":4},"end":{"line":9,"column":61}},"4":{"start":{"line":13,"column":18},"end":{"line":13,"column":52}},"5":{"start":{"line":14,"column":4},"end":{"line":14,"column":63}},"6":{"start":{"line":14,"column":16},"end":{"line":14,"column":63}},"7":{"start":{"line":15,"column":4},"end":{"line":15,"column":17}},"8":{"start":{"line":6,"column":0},"end":{"line":6,"column":21}}},"fnMap":{"0":{"name":"(anonymous_8)","decl":{"start":{"line":8,"column":2},"end":{"line":8,"column":null}},"loc":{"start":{"line":8,"column":2},"end":{"line":10,"column":3}}},"1":{"name":"(anonymous_9)","decl":{"start":{"line":12,"column":8},"end":{"line":12,"column":16}},"loc":{"start":{"line":12,"column":27},"end":{"line":16,"column":null}}}},"branchMap":{"0":{"loc":{"start":{"line":14,"column":4},"end":{"line":14,"column":63}},"type":"if","locations":[{"start":{"line":14,"column":4},"end":{"line":14,"column":63}}]}},"s":{"0":2,"1":2,"2":2,"3":2,"4":2,"5":2,"6":0,"7":2,"8":2},"f":{"0":2,"1":2},"b":{"0":[0]}}
,"/Users/josepaniagua/Desktop/capitole-consulting/api/src/domain/image/application/ImageUpdater.ts": {"path":"/Users/josepaniagua/Desktop/capitole-consulting/api/src/domain/image/application/ImageUpdater.ts","statementMap":{"0":{"start":{"line":1,"column":0},"end":{"line":1,"column":46}},"1":{"start":{"line":3,"column":0},"end":{"line":3,"column":54}},"2":{"start":{"line":4,"column":0},"end":{"line":4,"column":48}},"3":{"start":{"line":5,"column":0},"end":{"line":5,"column":67}},"4":{"start":{"line":6,"column":0},"end":{"line":6,"column":44}},"5":{"start":{"line":9,"column":0},"end":{"line":9,"column":58}},"6":{"start":{"line":10,"column":0},"end":{"line":10,"column":46}},"7":{"start":{"line":11,"column":0},"end":{"line":11,"column":40}},"8":{"start":{"line":17,"column":4},"end":{"line":17,"column":61}},"9":{"start":{"line":21,"column":18},"end":{"line":21,"column":61}},"10":{"start":{"line":22,"column":4},"end":{"line":51,"column":null}},"11":{"start":{"line":23,"column":30},"end":{"line":25,"column":null}},"12":{"start":{"line":27,"column":28},"end":{"line":32,"column":null}},"13":{"start":{"line":34,"column":28},"end":{"line":34,"column":68}},"14":{"start":{"line":36,"column":6},"end":{"line":36,"column":56}},"15":{"start":{"line":38,"column":27},"end":{"line":38,"column":81}},"16":{"start":{"line":39,"column":6},"end":{"line":39,"column":64}},"17":{"start":{"line":41,"column":27},"end":{"line":45,"column":8}},"18":{"start":{"line":47,"column":6},"end":{"line":47,"column":26}},"19":{"start":{"line":49,"column":6},"end":{"line":49,"column":58}},"20":{"start":{"line":50,"column":6},"end":{"line":50,"column":56}},"21":{"start":{"line":13,"column":0},"end":{"line":13,"column":21}}},"fnMap":{"0":{"name":"(anonymous_8)","decl":{"start":{"line":16,"column":2},"end":{"line":16,"column":null}},"loc":{"start":{"line":16,"column":2},"end":{"line":18,"column":3}}},"1":{"name":"(anonymous_9)","decl":{"start":{"line":20,"column":8},"end":{"line":20,"column":31}},"loc":{"start":{"line":20,"column":58},"end":{"line":52,"column":null}}}},"branchMap":{},"s":{"0":1,"1":1,"2":1,"3":1,"4":1,"5":1,"6":1,"7":1,"8":1,"9":1,"10":1,"11":1,"12":1,"13":1,"14":1,"15":1,"16":1,"17":1,"18":1,"19":0,"20":0,"21":1},"f":{"0":1,"1":1},"b":{}}
,"/Users/josepaniagua/Desktop/capitole-consulting/api/src/domain/image/application/LocalImageResizer.ts": {"path":"/Users/josepaniagua/Desktop/capitole-consulting/api/src/domain/image/application/LocalImageResizer.ts","statementMap":{"0":{"start":{"line":1,"column":0},"end":{"line":1,"column":36}},"1":{"start":{"line":2,"column":0},"end":{"line":2,"column":26}},"2":{"start":{"line":4,"column":0},"end":{"line":4,"column":67}},"3":{"start":{"line":6,"column":0},"end":{"line":6,"column":46}},"4":{"start":{"line":11,"column":4},"end":{"line":11,"column":32}},"5":{"start":{"line":20,"column":28},"end":{"line":20,"column":71}},"6":{"start":{"line":21,"column":26},"end":{"line":22,"column":null}},"7":{"start":{"line":24,"column":26},"end":{"line":24,"column":60}},"8":{"start":{"line":26,"column":4},"end":{"line":26,"column":54}},"9":{"start":{"line":28,"column":25},"end":{"line":28,"column":79}},"10":{"start":{"line":30,"column":4},"end":{"line":33,"column":32}},"11":{"start":{"line":33,"column":18},"end":{"line":33,"column":30}},"12":{"start":{"line":36,"column":0},"end":{"line":36,"column":39}}},"fnMap":{"0":{"name":"(anonymous_8)","decl":{"start":{"line":10,"column":2},"end":{"line":10,"column":null}},"loc":{"start":{"line":10,"column":2},"end":{"line":12,"column":3}}},"1":{"name":"(anonymous_9)","decl":{"start":{"line":14,"column":8},"end":{"line":14,"column":14}},"loc":{"start":{"line":18,"column":24},"end":{"line":34,"column":null}}},"2":{"name":"(anonymous_11)","decl":{"start":{"line":33,"column":12},"end":{"line":33,"column":15}},"loc":{"start":{"line":33,"column":18},"end":{"line":33,"column":30}}}},"branchMap":{},"s":{"0":6,"1":6,"2":6,"3":6,"4":6,"5":4,"6":4,"7":4,"8":4,"9":0,"10":0,"11":0,"12":6},"f":{"0":6,"1":4,"2":0},"b":{}}
,"/Users/josepaniagua/Desktop/capitole-consulting/api/src/domain/image/exceptions/ImageException.ts": {"path":"/Users/josepaniagua/Desktop/capitole-consulting/api/src/domain/image/exceptions/ImageException.ts","statementMap":{"0":{"start":{"line":3,"column":0},"end":{"line":3,"column":21}},"1":{"start":{"line":4,"column":16},"end":{"line":9,"column":4}},"2":{"start":{"line":5,"column":4},"end":{"line":8,"column":6}},"3":{"start":{"line":10,"column":16},"end":{"line":15,"column":4}},"4":{"start":{"line":11,"column":4},"end":{"line":14,"column":6}},"5":{"start":{"line":16,"column":16},"end":{"line":21,"column":4}},"6":{"start":{"line":17,"column":4},"end":{"line":20,"column":6}}},"fnMap":{"0":{"name":"(anonymous_0)","decl":{"start":{"line":4,"column":32},"end":{"line":4,"column":33}},"loc":{"start":{"line":4,"column":73},"end":{"line":9,"column":3}}},"1":{"name":"(anonymous_1)","decl":{"start":{"line":10,"column":38},"end":{"line":10,"column":62}},"loc":{"start":{"line":10,"column":64},"end":{"line":15,"column":3}}},"2":{"name":"(anonymous_2)","decl":{"start":{"line":16,"column":45},"end":{"line":16,"column":69}},"loc":{"start":{"line":16,"column":71},"end":{"line":21,"column":3}}}},"branchMap":{},"s":{"0":4,"1":4,"2":0,"3":4,"4":0,"5":4,"6":0},"f":{"0":0,"1":0,"2":0},"b":{}}
,"/Users/josepaniagua/Desktop/capitole-consulting/api/src/domain/image/infrastructure/PostgresqlImageRepository.ts": {"path":"/Users/josepaniagua/Desktop/capitole-consulting/api/src/domain/image/infrastructure/PostgresqlImageRepository.ts","statementMap":{"0":{"start":{"line":1,"column":0},"end":{"line":1,"column":null}},"1":{"start":{"line":9,"column":0},"end":{"line":9,"column":90}},"2":{"start":{"line":18,"column":15},"end":{"line":61,"column":null}},"3":{"start":{"line":51,"column":4},"end":{"line":51,"column":34}},"4":{"start":{"line":55,"column":4},"end":{"line":55,"column":36}},"5":{"start":{"line":59,"column":4},"end":{"line":59,"column":35}},"6":{"start":{"line":22,"column":2},"end":{"line":23,"column":null}},"7":{"start":{"line":25,"column":2},"end":{"line":26,"column":null}},"8":{"start":{"line":28,"column":2},"end":{"line":29,"column":null}},"9":{"start":{"line":31,"column":2},"end":{"line":32,"column":null}},"10":{"start":{"line":34,"column":2},"end":{"line":35,"column":null}},"11":{"start":{"line":37,"column":2},"end":{"line":38,"column":null}},"12":{"start":{"line":40,"column":2},"end":{"line":41,"column":null}},"13":{"start":{"line":43,"column":2},"end":{"line":45,"column":null}},"14":{"start":{"line":43,"column":20},"end":{"line":43,"column":44}},"15":{"start":{"line":47,"column":2},"end":{"line":48,"column":null}},"16":{"start":{"line":47,"column":19},"end":{"line":47,"column":43}},"17":{"start":{"line":18,"column":21},"end":{"line":61,"column":null}},"18":{"start":{"line":18,"column":21},"end":{"line":18,"column":null}}},"fnMap":{"0":{"name":"(anonymous_3)","decl":{"start":{"line":50,"column":2},"end":{"line":50,"column":8}},"loc":{"start":{"line":50,"column":25},"end":{"line":52,"column":3}}},"1":{"name":"(anonymous_4)","decl":{"start":{"line":54,"column":2},"end":{"line":54,"column":10}},"loc":{"start":{"line":54,"column":27},"end":{"line":56,"column":3}}},"2":{"name":"(anonymous_5)","decl":{"start":{"line":58,"column":2},"end":{"line":58,"column":9}},"loc":{"start":{"line":58,"column":26},"end":{"line":60,"column":3}}},"3":{"name":"(anonymous_6)","decl":{"start":{"line":43,"column":14},"end":{"line":43,"column":17}},"loc":{"start":{"line":43,"column":20},"end":{"line":43,"column":44}}},"4":{"name":"(anonymous_7)","decl":{"start":{"line":47,"column":13},"end":{"line":47,"column":16}},"loc":{"start":{"line":47,"column":19},"end":{"line":47,"column":43}}}},"branchMap":{},"s":{"0":6,"1":6,"2":6,"3":0,"4":0,"5":0,"6":6,"7":6,"8":6,"9":6,"10":6,"11":6,"12":6,"13":6,"14":0,"15":6,"16":0,"17":6,"18":6},"f":{"0":0,"1":0,"2":0,"3":0,"4":0},"b":{}}
,"/Users/josepaniagua/Desktop/capitole-consulting/api/src/domain/image/infrastructure/TestImageRepository.ts": {"path":"/Users/josepaniagua/Desktop/capitole-consulting/api/src/domain/image/infrastructure/TestImageRepository.ts","statementMap":{"0":{"start":{"line":3,"column":0},"end":{"line":3,"column":44}},"1":{"start":{"line":5,"column":13},"end":{"line":28,"column":null}},"2":{"start":{"line":42,"column":8},"end":{"line":42,"column":28}},"3":{"start":{"line":43,"column":8},"end":{"line":43,"column":36}},"4":{"start":{"line":44,"column":8},"end":{"line":44,"column":64}},"5":{"start":{"line":45,"column":8},"end":{"line":45,"column":62}},"6":{"start":{"line":46,"column":8},"end":{"line":46,"column":48}},"7":{"start":{"line":47,"column":8},"end":{"line":47,"column":40}},"8":{"start":{"line":48,"column":8},"end":{"line":48,"column":30}},"9":{"start":{"line":49,"column":8},"end":{"line":49,"column":42}},"10":{"start":{"line":50,"column":8},"end":{"line":50,"column":36}},"11":{"start":{"line":53,"column":8},"end":{"line":53,"column":20}},"12":{"start":{"line":57,"column":8},"end":{"line":57,"column":47}},"13":{"start":{"line":61,"column":8},"end":{"line":61,"column":47}},"14":{"start":{"line":65,"column":21},"end":{"line":65,"column":58}},"15":{"start":{"line":65,"column":47},"end":{"line":65,"column":57}},"16":{"start":{"line":66,"column":8},"end":{"line":67,"column":29}},"17":{"start":{"line":67,"column":12},"end":{"line":67,"column":29}},"18":{"start":{"line":68,"column":8},"end":{"line":68,"column":45}},"19":{"start":{"line":72,"column":8},"end":{"line":72,"column":68}},"20":{"start":{"line":72,"column":40},"end":{"line":72,"column":66}},"21":{"start":{"line":30,"column":0},"end":{"line":30,"column":13}},"22":{"start":{"line":76,"column":0},"end":{"line":76,"column":43}}},"fnMap":{"0":{"name":"(anonymous_0)","decl":{"start":{"line":41,"column":4},"end":{"line":41,"column":16}},"loc":{"start":{"line":41,"column":27},"end":{"line":51,"column":5}}},"1":{"name":"(anonymous_1)","decl":{"start":{"line":52,"column":4},"end":{"line":52,"column":8}},"loc":{"start":{"line":52,"column":8},"end":{"line":54,"column":5}}},"2":{"name":"(anonymous_2)","decl":{"start":{"line":56,"column":4},"end":{"line":56,"column":10}},"loc":{"start":{"line":56,"column":22},"end":{"line":58,"column":5}}},"3":{"name":"(anonymous_3)","decl":{"start":{"line":60,"column":4},"end":{"line":60,"column":10}},"loc":{"start":{"line":60,"column":22},"end":{"line":62,"column":5}}},"4":{"name":"(anonymous_4)","decl":{"start":{"line":64,"column":4},"end":{"line":64,"column":12}},"loc":{"start":{"line":64,"column":23},"end":{"line":69,"column":5}}},"5":{"name":"(anonymous_5)","decl":{"start":{"line":65,"column":40},"end":{"line":65,"column":41}},"loc":{"start":{"line":65,"column":47},"end":{"line":65,"column":57}}},"6":{"name":"(anonymous_6)","decl":{"start":{"line":71,"column":4},"end":{"line":71,"column":11}},"loc":{"start":{"line":71,"column":28},"end":{"line":73,"column":5}}},"7":{"name":"(anonymous_7)","decl":{"start":{"line":72,"column":33},"end":{"line":72,"column":34}},"loc":{"start":{"line":72,"column":40},"end":{"line":72,"column":66}}}},"branchMap":{"0":{"loc":{"start":{"line":66,"column":8},"end":{"line":67,"column":29}},"type":"if","locations":[{"start":{"line":66,"column":8},"end":{"line":67,"column":29}}]}},"s":{"0":6,"1":6,"2":15,"3":15,"4":15,"5":15,"6":15,"7":15,"8":15,"9":15,"10":15,"11":4,"12":4,"13":1,"14":2,"15":2,"16":2,"17":0,"18":2,"19":0,"20":0,"21":6,"22":6},"f":{"0":15,"1":4,"2":4,"3":1,"4":2,"5":2,"6":0,"7":0},"b":{"0":[0]}}
,"/Users/josepaniagua/Desktop/capitole-consulting/api/src/domain/shared/constants.ts": {"path":"/Users/josepaniagua/Desktop/capitole-consulting/api/src/domain/shared/constants.ts","statementMap":{"0":{"start":{"line":1,"column":13},"end":{"line":6,"column":2}},"1":{"start":{"line":8,"column":13},"end":{"line":8,"column":41}}},"fnMap":{},"branchMap":{},"s":{"0":6,"1":6},"f":{},"b":{}}
,"/Users/josepaniagua/Desktop/capitole-consulting/api/src/domain/shared/utils.ts": {"path":"/Users/josepaniagua/Desktop/capitole-consulting/api/src/domain/shared/utils.ts","statementMap":{"0":{"start":{"line":1,"column":0},"end":{"line":1,"column":36}},"1":{"start":{"line":3,"column":31},"end":{"line":3,"column":72}},"2":{"start":{"line":3,"column":49},"end":{"line":3,"column":72}},"3":{"start":{"line":3,"column":13},"end":{"line":3,"column":31}},"4":{"start":{"line":5,"column":36},"end":{"line":5,"column":75}},"5":{"start":{"line":5,"column":54},"end":{"line":5,"column":75}},"6":{"start":{"line":5,"column":13},"end":{"line":5,"column":36}},"7":{"start":{"line":7,"column":23},"end":{"line":8,"column":48}},"8":{"start":{"line":8,"column":2},"end":{"line":8,"column":48}},"9":{"start":{"line":7,"column":13},"end":{"line":7,"column":23}}},"fnMap":{"0":{"name":"(anonymous_0)","decl":{"start":{"line":3,"column":31},"end":{"line":3,"column":32}},"loc":{"start":{"line":3,"column":49},"end":{"line":3,"column":72}}},"1":{"name":"(anonymous_1)","decl":{"start":{"line":5,"column":36},"end":{"line":5,"column":37}},"loc":{"start":{"line":5,"column":54},"end":{"line":5,"column":75}}},"2":{"name":"(anonymous_2)","decl":{"start":{"line":7,"column":23},"end":{"line":7,"column":24}},"loc":{"start":{"line":8,"column":2},"end":{"line":8,"column":48}}}},"branchMap":{},"s":{"0":7,"1":7,"2":6,"3":7,"4":7,"5":6,"6":7,"7":7,"8":6,"9":7},"f":{"0":6,"1":6,"2":6},"b":{}}
,"/Users/josepaniagua/Desktop/capitole-consulting/api/src/domain/task/constants.ts": {"path":"/Users/josepaniagua/Desktop/capitole-consulting/api/src/domain/task/constants.ts","statementMap":{"0":{"start":{"line":1,"column":0},"end":{"line":1,"column":null}},"1":{"start":{"line":2,"column":2},"end":{"line":2,"column":null}},"2":{"start":{"line":3,"column":2},"end":{"line":3,"column":null}},"3":{"start":{"line":4,"column":2},"end":{"line":4,"column":null}}},"fnMap":{"0":{"name":"(anonymous_0)","decl":{"start":{"line":1,"column":0},"end":{"line":1,"column":12}},"loc":{"start":{"line":1,"column":23},"end":{"line":5,"column":1}}}},"branchMap":{"0":{"loc":{"start":{"line":1,"column":12},"end":{"line":1,"column":null}},"type":"binary-expr","locations":[{"start":{"line":1,"column":12},"end":{"line":1,"column":23}},{"start":{"line":1,"column":12},"end":{"line":1,"column":null}}]}},"s":{"0":6,"1":6,"2":6,"3":6},"f":{"0":6},"b":{"0":[6,6]}}
,"/Users/josepaniagua/Desktop/capitole-consulting/api/src/domain/task/application/TaskCreator.ts": {"path":"/Users/josepaniagua/Desktop/capitole-consulting/api/src/domain/task/application/TaskCreator.ts","statementMap":{"0":{"start":{"line":1,"column":0},"end":{"line":1,"column":54}},"1":{"start":{"line":2,"column":0},"end":{"line":2,"column":64}},"2":{"start":{"line":4,"column":0},"end":{"line":4,"column":48}},"3":{"start":{"line":5,"column":0},"end":{"line":5,"column":43}},"4":{"start":{"line":8,"column":0},"end":{"line":8,"column":56}},"5":{"start":{"line":13,"column":4},"end":{"line":13,"column":60}},"6":{"start":{"line":17,"column":4},"end":{"line":35,"column":null}},"7":{"start":{"line":18,"column":19},"end":{"line":21,"column":null}},"8":{"start":{"line":23,"column":49},"end":{"line":28,"column":8}},"9":{"start":{"line":29,"column":6},"end":{"line":29,"column":61}},"10":{"start":{"line":30,"column":6},"end":{"line":30,"column":60}},"11":{"start":{"line":31,"column":6},"end":{"line":31,"column":18}},"12":{"start":{"line":33,"column":6},"end":{"line":33,"column":74}},"13":{"start":{"line":34,"column":6},"end":{"line":34,"column":53}},"14":{"start":{"line":10,"column":0},"end":{"line":10,"column":21}}},"fnMap":{"0":{"name":"(anonymous_8)","decl":{"start":{"line":12,"column":2},"end":{"line":12,"column":null}},"loc":{"start":{"line":12,"column":2},"end":{"line":14,"column":3}}},"1":{"name":"(anonymous_9)","decl":{"start":{"line":16,"column":8},"end":{"line":16,"column":14}},"loc":{"start":{"line":16,"column":42},"end":{"line":36,"column":null}}}},"branchMap":{},"s":{"0":1,"1":1,"2":1,"3":1,"4":1,"5":1,"6":1,"7":1,"8":1,"9":1,"10":1,"11":1,"12":0,"13":0,"14":1},"f":{"0":1,"1":1},"b":{}}
,"/Users/josepaniagua/Desktop/capitole-consulting/api/src/domain/task/application/TaskFinder.ts": {"path":"/Users/josepaniagua/Desktop/capitole-consulting/api/src/domain/task/application/TaskFinder.ts","statementMap":{"0":{"start":{"line":1,"column":0},"end":{"line":1,"column":54}},"1":{"start":{"line":2,"column":0},"end":{"line":2,"column":48}},"2":{"start":{"line":4,"column":0},"end":{"line":4,"column":56}},"3":{"start":{"line":9,"column":4},"end":{"line":9,"column":60}},"4":{"start":{"line":13,"column":17},"end":{"line":13,"column":51}},"5":{"start":{"line":14,"column":4},"end":{"line":14,"column":60}},"6":{"start":{"line":14,"column":15},"end":{"line":14,"column":60}},"7":{"start":{"line":15,"column":4},"end":{"line":15,"column":16}},"8":{"start":{"line":19,"column":18},"end":{"line":19,"column":49}},"9":{"start":{"line":20,"column":4},"end":{"line":20,"column":56}},"10":{"start":{"line":20,"column":16},"end":{"line":20,"column":56}},"11":{"start":{"line":21,"column":4},"end":{"line":21,"column":17}},"12":{"start":{"line":6,"column":0},"end":{"line":6,"column":21}}},"fnMap":{"0":{"name":"(anonymous_8)","decl":{"start":{"line":8,"column":2},"end":{"line":8,"column":null}},"loc":{"start":{"line":8,"column":2},"end":{"line":10,"column":3}}},"1":{"name":"(anonymous_9)","decl":{"start":{"line":12,"column":8},"end":{"line":12,"column":16}},"loc":{"start":{"line":12,"column":27},"end":{"line":16,"column":null}}},"2":{"name":"(anonymous_11)","decl":{"start":{"line":18,"column":8},"end":{"line":18,"column":12}},"loc":{"start":{"line":18,"column":12},"end":{"line":22,"column":null}}}},"branchMap":{"0":{"loc":{"start":{"line":14,"column":4},"end":{"line":14,"column":60}},"type":"if","locations":[{"start":{"line":14,"column":4},"end":{"line":14,"column":60}}]},"1":{"loc":{"start":{"line":20,"column":4},"end":{"line":20,"column":56}},"type":"if","locations":[{"start":{"line":20,"column":4},"end":{"line":20,"column":56}}]}},"s":{"0":2,"1":2,"2":2,"3":4,"4":2,"5":2,"6":0,"7":2,"8":1,"9":1,"10":0,"11":1,"12":2},"f":{"0":4,"1":2,"2":1},"b":{"0":[0],"1":[0]}}
,"/Users/josepaniagua/Desktop/capitole-consulting/api/src/domain/task/application/TaskUpdater.ts": {"path":"/Users/josepaniagua/Desktop/capitole-consulting/api/src/domain/task/application/TaskUpdater.ts","statementMap":{"0":{"start":{"line":1,"column":0},"end":{"line":1,"column":54}},"1":{"start":{"line":2,"column":0},"end":{"line":2,"column":53}},"2":{"start":{"line":4,"column":0},"end":{"line":4,"column":48}},"3":{"start":{"line":5,"column":0},"end":{"line":5,"column":43}},"4":{"start":{"line":7,"column":0},"end":{"line":7,"column":56}},"5":{"start":{"line":8,"column":0},"end":{"line":8,"column":38}},"6":{"start":{"line":14,"column":4},"end":{"line":14,"column":60}},"7":{"start":{"line":15,"column":4},"end":{"line":15,"column":35}},"8":{"start":{"line":19,"column":17},"end":{"line":19,"column":47}},"9":{"start":{"line":20,"column":4},"end":{"line":41,"column":null}},"10":{"start":{"line":21,"column":25},"end":{"line":21,"column":50}},"11":{"start":{"line":22,"column":32},"end":{"line":27,"column":67}},"12":{"start":{"line":25,"column":12},"end":{"line":25,"column":49}},"13":{"start":{"line":27,"column":51},"end":{"line":27,"column":66}},"14":{"start":{"line":29,"column":6},"end":{"line":34,"column":null}},"15":{"start":{"line":30,"column":8},"end":{"line":32,"column":10}},"16":{"start":{"line":33,"column":8},"end":{"line":33,"column":15}},"17":{"start":{"line":36,"column":6},"end":{"line":36,"column":79}},"18":{"start":{"line":37,"column":6},"end":{"line":37,"column":59}},"19":{"start":{"line":39,"column":6},"end":{"line":39,"column":78}},"20":{"start":{"line":40,"column":6},"end":{"line":40,"column":56}},"21":{"start":{"line":10,"column":0},"end":{"line":10,"column":21}}},"fnMap":{"0":{"name":"(anonymous_8)","decl":{"start":{"line":13,"column":2},"end":{"line":13,"column":null}},"loc":{"start":{"line":13,"column":2},"end":{"line":16,"column":3}}},"1":{"name":"(anonymous_9)","decl":{"start":{"line":18,"column":8},"end":{"line":18,"column":20}},"loc":{"start":{"line":18,"column":31},"end":{"line":42,"column":null}}},"2":{"name":"(anonymous_11)","decl":{"start":{"line":24,"column":10},"end":{"line":24,"column":11}},"loc":{"start":{"line":25,"column":12},"end":{"line":25,"column":49}}},"3":{"name":"(anonymous_12)","decl":{"start":{"line":27,"column":13},"end":{"line":27,"column":14}},"loc":{"start":{"line":27,"column":51},"end":{"line":27,"column":66}}}},"branchMap":{"0":{"loc":{"start":{"line":29,"column":6},"end":{"line":34,"column":null}},"type":"if","locations":[{"start":{"line":29,"column":6},"end":{"line":34,"column":null}}]}},"s":{"0":1,"1":1,"2":1,"3":1,"4":1,"5":1,"6":2,"7":2,"8":2,"9":2,"10":2,"11":1,"12":2,"13":0,"14":1,"15":0,"16":0,"17":1,"18":1,"19":1,"20":1,"21":1},"f":{"0":2,"1":2,"2":2,"3":0},"b":{"0":[0]}}
,"/Users/josepaniagua/Desktop/capitole-consulting/api/src/domain/task/exceptions/TaskException.ts": {"path":"/Users/josepaniagua/Desktop/capitole-consulting/api/src/domain/task/exceptions/TaskException.ts","statementMap":{"0":{"start":{"line":4,"column":0},"end":{"line":4,"column":21}},"1":{"start":{"line":5,"column":16},"end":{"line":10,"column":4}},"2":{"start":{"line":6,"column":4},"end":{"line":9,"column":6}},"3":{"start":{"line":11,"column":16},"end":{"line":18,"column":4}},"4":{"start":{"line":14,"column":4},"end":{"line":17,"column":6}},"5":{"start":{"line":19,"column":16},"end":{"line":26,"column":4}},"6":{"start":{"line":22,"column":4},"end":{"line":25,"column":6}},"7":{"start":{"line":27,"column":16},"end":{"line":32,"column":4}},"8":{"start":{"line":28,"column":4},"end":{"line":31,"column":6}}},"fnMap":{"0":{"name":"(anonymous_0)","decl":{"start":{"line":5,"column":31},"end":{"line":5,"column":32}},"loc":{"start":{"line":5,"column":71},"end":{"line":10,"column":3}}},"1":{"name":"(anonymous_1)","decl":{"start":{"line":11,"column":37},"end":{"line":11,"column":null}},"loc":{"start":{"line":13,"column":27},"end":{"line":18,"column":3}}},"2":{"name":"(anonymous_2)","decl":{"start":{"line":19,"column":44},"end":{"line":19,"column":null}},"loc":{"start":{"line":21,"column":27},"end":{"line":26,"column":3}}},"3":{"name":"(anonymous_3)","decl":{"start":{"line":27,"column":36},"end":{"line":27,"column":60}},"loc":{"start":{"line":27,"column":62},"end":{"line":32,"column":3}}}},"branchMap":{},"s":{"0":3,"1":3,"2":0,"3":3,"4":0,"5":3,"6":1,"7":3,"8":0},"f":{"0":0,"1":0,"2":1,"3":0},"b":{}}
,"/Users/josepaniagua/Desktop/capitole-consulting/api/src/domain/task/infrastructure/PostgresqlTaskRepository.ts": {"path":"/Users/josepaniagua/Desktop/capitole-consulting/api/src/domain/task/infrastructure/PostgresqlTaskRepository.ts","statementMap":{"0":{"start":{"line":1,"column":0},"end":{"line":1,"column":69}},"1":{"start":{"line":3,"column":0},"end":{"line":3,"column":93}},"2":{"start":{"line":12,"column":15},"end":{"line":36,"column":null}},"3":{"start":{"line":26,"column":4},"end":{"line":26,"column":34}},"4":{"start":{"line":30,"column":4},"end":{"line":30,"column":36}},"5":{"start":{"line":34,"column":4},"end":{"line":34,"column":35}},"6":{"start":{"line":16,"column":2},"end":{"line":17,"column":null}},"7":{"start":{"line":19,"column":2},"end":{"line":20,"column":null}},"8":{"start":{"line":22,"column":2},"end":{"line":23,"column":null}},"9":{"start":{"line":22,"column":17},"end":{"line":22,"column":42}},"10":{"start":{"line":12,"column":21},"end":{"line":36,"column":null}},"11":{"start":{"line":12,"column":21},"end":{"line":12,"column":null}}},"fnMap":{"0":{"name":"(anonymous_3)","decl":{"start":{"line":25,"column":2},"end":{"line":25,"column":8}},"loc":{"start":{"line":25,"column":25},"end":{"line":27,"column":3}}},"1":{"name":"(anonymous_4)","decl":{"start":{"line":29,"column":2},"end":{"line":29,"column":10}},"loc":{"start":{"line":29,"column":27},"end":{"line":31,"column":3}}},"2":{"name":"(anonymous_5)","decl":{"start":{"line":33,"column":2},"end":{"line":33,"column":9}},"loc":{"start":{"line":33,"column":26},"end":{"line":35,"column":3}}},"3":{"name":"(anonymous_6)","decl":{"start":{"line":22,"column":11},"end":{"line":22,"column":14}},"loc":{"start":{"line":22,"column":17},"end":{"line":22,"column":42}}}},"branchMap":{},"s":{"0":6,"1":6,"2":6,"3":0,"4":0,"5":0,"6":6,"7":6,"8":6,"9":0,"10":6,"11":6},"f":{"0":0,"1":0,"2":0,"3":0},"b":{}}
,"/Users/josepaniagua/Desktop/capitole-consulting/api/src/domain/task/infrastructure/TestTaskRepository.ts": {"path":"/Users/josepaniagua/Desktop/capitole-consulting/api/src/domain/task/infrastructure/TestTaskRepository.ts","statementMap":{"0":{"start":{"line":3,"column":0},"end":{"line":3,"column":43}},"1":{"start":{"line":4,"column":0},"end":{"line":4,"column":100}},"2":{"start":{"line":7,"column":13},"end":{"line":29,"column":null}},"3":{"start":{"line":40,"column":8},"end":{"line":40,"column":28}},"4":{"start":{"line":41,"column":8},"end":{"line":41,"column":36}},"5":{"start":{"line":42,"column":8},"end":{"line":42,"column":36}},"6":{"start":{"line":43,"column":8},"end":{"line":43,"column":48}},"7":{"start":{"line":47,"column":8},"end":{"line":47,"column":46}},"8":{"start":{"line":51,"column":8},"end":{"line":51,"column":46}},"9":{"start":{"line":55,"column":21},"end":{"line":55,"column":57}},"10":{"start":{"line":55,"column":46},"end":{"line":55,"column":56}},"11":{"start":{"line":56,"column":8},"end":{"line":57,"column":29}},"12":{"start":{"line":57,"column":12},"end":{"line":57,"column":29}},"13":{"start":{"line":58,"column":8},"end":{"line":58,"column":44}},"14":{"start":{"line":62,"column":8},"end":{"line":62,"column":66}},"15":{"start":{"line":62,"column":39},"end":{"line":62,"column":64}},"16":{"start":{"line":66,"column":8},"end":{"line":66,"column":68}},"17":{"start":{"line":66,"column":40},"end":{"line":66,"column":66}},"18":{"start":{"line":70,"column":0},"end":{"line":70,"column":42}}},"fnMap":{"0":{"name":"(anonymous_0)","decl":{"start":{"line":39,"column":4},"end":{"line":39,"column":16}},"loc":{"start":{"line":39,"column":27},"end":{"line":44,"column":5}}},"1":{"name":"(anonymous_1)","decl":{"start":{"line":46,"column":4},"end":{"line":46,"column":10}},"loc":{"start":{"line":46,"column":22},"end":{"line":48,"column":5}}},"2":{"name":"(anonymous_2)","decl":{"start":{"line":50,"column":4},"end":{"line":50,"column":10}},"loc":{"start":{"line":50,"column":22},"end":{"line":52,"column":5}}},"3":{"name":"(anonymous_3)","decl":{"start":{"line":54,"column":4},"end":{"line":54,"column":12}},"loc":{"start":{"line":54,"column":23},"end":{"line":59,"column":5}}},"4":{"name":"(anonymous_4)","decl":{"start":{"line":55,"column":39},"end":{"line":55,"column":40}},"loc":{"start":{"line":55,"column":46},"end":{"line":55,"column":56}}},"5":{"name":"(anonymous_5)","decl":{"start":{"line":61,"column":4},"end":{"line":61,"column":11}},"loc":{"start":{"line":61,"column":28},"end":{"line":63,"column":5}}},"6":{"name":"(anonymous_6)","decl":{"start":{"line":62,"column":32},"end":{"line":62,"column":33}},"loc":{"start":{"line":62,"column":39},"end":{"line":62,"column":64}}},"7":{"name":"(anonymous_7)","decl":{"start":{"line":65,"column":4},"end":{"line":65,"column":8}},"loc":{"start":{"line":65,"column":23},"end":{"line":67,"column":5}}},"8":{"name":"(anonymous_8)","decl":{"start":{"line":66,"column":33},"end":{"line":66,"column":34}},"loc":{"start":{"line":66,"column":40},"end":{"line":66,"column":66}}}},"branchMap":{"0":{"loc":{"start":{"line":56,"column":8},"end":{"line":57,"column":29}},"type":"if","locations":[{"start":{"line":56,"column":8},"end":{"line":57,"column":29}}]}},"s":{"0":6,"1":6,"2":6,"3":14,"4":14,"5":14,"6":14,"7":1,"8":2,"9":2,"10":2,"11":2,"12":0,"13":2,"14":1,"15":3,"16":1,"17":2,"18":6},"f":{"0":14,"1":1,"2":2,"3":2,"4":2,"5":1,"6":3,"7":1,"8":2},"b":{"0":[0]}}
}
